<?xml version="1.0" encoding="UTF-8"?>
<robot generator="Robot 5.0.1 (Python 3.10.3 on win32)" generated="20220703 03:47:44.797" rpa="false" schemaversion="3">
<suite id="s1" name="Aulat07" source="C:\Users\Vini\Documents\AULA ROBOT TURMA 07\aulat07.robot">
<test id="s1-t1" name="Processo de compra da loja Sauce Demo" line="9">
<kw name="Abrir o site da loja Sauce demo" library="aulat07">
<kw name="Open Browser" library="SeleniumLibrary">
<arg>${SITE}</arg>
<arg>${NAVEGADOR}</arg>
<doc>Opens a new browser instance to the optional ``url``.</doc>
<msg timestamp="20220703 03:47:45.016" level="INFO">Opening browser 'Chrome' to base url 'http://www.saucedemo.com'.</msg>
<status status="PASS" starttime="20220703 03:47:45.016" endtime="20220703 03:47:48.818"/>
</kw>
<kw name="Maximize Browser Window" library="SeleniumLibrary">
<doc>Maximizes current browser window.</doc>
<status status="PASS" starttime="20220703 03:47:48.818" endtime="20220703 03:47:48.933"/>
</kw>
<status status="PASS" starttime="20220703 03:47:45.015" endtime="20220703 03:47:48.933"/>
</kw>
<kw name="Fazer login" library="aulat07">
<kw name="Input Text" library="SeleniumLibrary">
<arg>${CAMPO_USUARIO}</arg>
<arg>${USUARIO}</arg>
<doc>Types the given ``text`` into the text field identified by ``locator``.</doc>
<msg timestamp="20220703 03:47:48.934" level="INFO">Typing text 'standard_user' into text field 'id=user-name'.</msg>
<status status="PASS" starttime="20220703 03:47:48.934" endtime="20220703 03:47:49.038"/>
</kw>
<kw name="Input Text" library="SeleniumLibrary">
<arg>${CAMPO_PASSWORD}</arg>
<arg>${SENHA}</arg>
<doc>Types the given ``text`` into the text field identified by ``locator``.</doc>
<msg timestamp="20220703 03:47:49.038" level="INFO">Typing text 'secret_sauce' into text field 'id=password'.</msg>
<status status="PASS" starttime="20220703 03:47:49.038" endtime="20220703 03:47:49.123"/>
</kw>
<kw name="Click Button" library="SeleniumLibrary">
<arg>${BOTAO_LOGIN}</arg>
<doc>Clicks the button identified by ``locator``.</doc>
<msg timestamp="20220703 03:47:49.124" level="INFO">Clicking button 'id=login-button'.</msg>
<status status="PASS" starttime="20220703 03:47:49.124" endtime="20220703 03:47:49.239"/>
</kw>
<kw name="Page Should Contain" library="SeleniumLibrary">
<arg>Products</arg>
<doc>Verifies that current page contains ``text``.</doc>
<msg timestamp="20220703 03:47:49.259" level="INFO">Current page contains text 'Products'.</msg>
<status status="PASS" starttime="20220703 03:47:49.239" endtime="20220703 03:47:49.260"/>
</kw>
<status status="PASS" starttime="20220703 03:47:48.934" endtime="20220703 03:47:49.260"/>
</kw>
<kw name="Iniciar compra" library="aulat07">
<kw name="Click Button" library="SeleniumLibrary">
<arg>${BACKPACK}</arg>
<doc>Clicks the button identified by ``locator``.</doc>
<msg timestamp="20220703 03:47:49.261" level="INFO">Clicking button 'id=add-to-cart-sauce-labs-backpack'.</msg>
<status status="PASS" starttime="20220703 03:47:49.261" endtime="20220703 03:47:49.358"/>
</kw>
<kw name="Click Link" library="SeleniumLibrary">
<arg>${CARRINHO}</arg>
<doc>Clicks a link identified by ``locator``.</doc>
<msg timestamp="20220703 03:47:49.358" level="INFO">Clicking link 'class=shopping_cart_link'.</msg>
<status status="PASS" starttime="20220703 03:47:49.358" endtime="20220703 03:47:49.401"/>
</kw>
<kw name="Click Button" library="SeleniumLibrary">
<arg>${CHECKOUT}</arg>
<doc>Clicks the button identified by ``locator``.</doc>
<msg timestamp="20220703 03:47:49.401" level="INFO">Clicking button 'id=checkout'.</msg>
<status status="PASS" starttime="20220703 03:47:49.401" endtime="20220703 03:47:49.443"/>
</kw>
<status status="PASS" starttime="20220703 03:47:49.260" endtime="20220703 03:47:49.443"/>
</kw>
<kw name="Prencher dados do usuario" library="aulat07">
<kw name="Input Text" library="SeleniumLibrary">
<arg>${CHECKOUT_USER}</arg>
<arg>${USUARIO}</arg>
<doc>Types the given ``text`` into the text field identified by ``locator``.</doc>
<msg timestamp="20220703 03:47:49.444" level="INFO">Typing text 'standard_user' into text field 'id=first-name'.</msg>
<status status="PASS" starttime="20220703 03:47:49.444" endtime="20220703 03:47:49.549"/>
</kw>
<kw name="Input Text" library="SeleniumLibrary">
<arg>${CHECKOUT_SENHA}</arg>
<arg>${SENHA}</arg>
<doc>Types the given ``text`` into the text field identified by ``locator``.</doc>
<msg timestamp="20220703 03:47:49.550" level="INFO">Typing text 'secret_sauce' into text field 'id=last-name'.</msg>
<status status="PASS" starttime="20220703 03:47:49.549" endtime="20220703 03:47:49.631"/>
</kw>
<kw name="Input Text" library="SeleniumLibrary">
<arg>${CHECKOUT_POSTAL}</arg>
<arg>${CEP}</arg>
<doc>Types the given ``text`` into the text field identified by ``locator``.</doc>
<msg timestamp="20220703 03:47:49.631" level="INFO">Typing text '12345678' into text field 'id=postal-code'.</msg>
<status status="PASS" starttime="20220703 03:47:49.631" endtime="20220703 03:47:49.700"/>
</kw>
<kw name="Click Button" library="SeleniumLibrary">
<arg>${CONTINUAR}</arg>
<doc>Clicks the button identified by ``locator``.</doc>
<msg timestamp="20220703 03:47:49.700" level="INFO">Clicking button 'id=continue'.</msg>
<status status="PASS" starttime="20220703 03:47:49.700" endtime="20220703 03:47:49.747"/>
</kw>
<status status="PASS" starttime="20220703 03:47:49.443" endtime="20220703 03:47:49.747"/>
</kw>
<kw name="Finalizar Compra" library="aulat07">
<kw name="Click Button" library="SeleniumLibrary">
<arg>${FINALIZAR}</arg>
<doc>Clicks the button identified by ``locator``.</doc>
<msg timestamp="20220703 03:47:49.748" level="INFO">Clicking button 'id=finish'.</msg>
<status status="PASS" starttime="20220703 03:47:49.747" endtime="20220703 03:47:49.795"/>
</kw>
<kw name="Page Should Contain" library="SeleniumLibrary">
<arg>THANK YOU FOR YOUR ORDER</arg>
<doc>Verifies that current page contains ``text``.</doc>
<msg timestamp="20220703 03:47:49.807" level="INFO">Current page contains text 'THANK YOU FOR YOUR ORDER'.</msg>
<status status="PASS" starttime="20220703 03:47:49.795" endtime="20220703 03:47:49.807"/>
</kw>
<kw name="Close Browser" library="SeleniumLibrary">
<doc>Closes the current browser.</doc>
<status status="PASS" starttime="20220703 03:47:49.807" endtime="20220703 03:47:52.068"/>
</kw>
<status status="PASS" starttime="20220703 03:47:49.747" endtime="20220703 03:47:52.068"/>
</kw>
<status status="PASS" starttime="20220703 03:47:45.015" endtime="20220703 03:47:52.069"/>
</test>
<status status="PASS" starttime="20220703 03:47:44.799" endtime="20220703 03:47:52.071"/>
</suite>
<statistics>
<total>
<stat pass="1" fail="0" skip="0">All Tests</stat>
</total>
<tag>
</tag>
<suite>
<stat pass="1" fail="0" skip="0" id="s1" name="Aulat07">Aulat07</stat>
</suite>
</statistics>
<errors>
</errors>
</robot>
